<html>
<head>
<title>TestNG:  Command line test</title>
<link href="../testng.css" rel="stylesheet" type="text/css" />
<link href="../my-testng.css" rel="stylesheet" type="text/css" />

<style type="text/css">
.log { display: none;} 
.stack-trace { display: none;} 
</style>
<script type="text/javascript">
<!--
function flip(e) {
  current = e.style.display;
  if (current == 'block') {
    e.style.display = 'none';
    return 0;
  }
  else {
    e.style.display = 'block';
    return 1;
  }
}

function toggleBox(szDivId, elem, msg1, msg2)
{
  var res = -1;  if (document.getElementById) {
    res = flip(document.getElementById(szDivId));
  }
  else if (document.all) {
    // this is the way old msie versions work
    res = flip(document.all[szDivId]);
  }
  if(elem) {
    if(res == 0) elem.innerHTML = msg1; else elem.innerHTML = msg2;
  }

}

function toggleAllBoxes() {
  if (document.getElementsByTagName) {
    d = document.getElementsByTagName('div');
    for (i = 0; i < d.length; i++) {
      if (d[i].className == 'log') {
        flip(d[i]);
      }
    }
  }
}

// -->
</script>

</head>
<body>
<h2 align='center'>Command line test</h2><table border='1' align="center">
<tr>
<td>Tests passed/Failed/Skipped:</td><td>25/0/0</td>
</tr><tr>
<td>Started on:</td><td>Sun Mar 01 18:45:07 GMT 2020</td>
</tr>
<tr><td>Total time:</td><td>0 seconds (106 ms)</td>
</tr><tr>
<td>Included groups:</td><td></td>
</tr><tr>
<td>Excluded groups:</td><td></td>
</tr>
</table><p/>
<small><i>(Hover the method name to see the test class name)</i></small><p/>
<table width='100%' border='1' class='invocation-passed'>
<tr><td colspan='4' align='center'><b>PASSED TESTS</b></td></tr>
<tr><td><b>Test method</b></td>
<td width="30%"><b>Exception</b></td>
<td width="10%"><b>Time (seconds)</b></td>
<td><b>Instance</b></td>
</tr>
<tr>
<td title='ap.TestCalculator.testDivide()'><b>testDivide</b><br>Test class: ap.TestCalculator<br>Parameters: -10, -2, 5</td>
<td></td>
<td>0</td>
<td>ap.TestCalculator@1cd072a9</td></tr>
<tr>
<td title='ap.TestCalculator.testDivide()'><b>testDivide</b><br>Test class: ap.TestCalculator<br>Parameters: 5, 2, 2</td>
<td></td>
<td>0</td>
<td>ap.TestCalculator@1cd072a9</td></tr>
<tr>
<td title='ap.TestCalculator.testDivide()'><b>testDivide</b><br>Test class: ap.TestCalculator<br>Parameters: 8, -2, -4</td>
<td></td>
<td>0</td>
<td>ap.TestCalculator@1cd072a9</td></tr>
<tr>
<td title='ap.TestCalculator.testDivide()'><b>testDivide</b><br>Test class: ap.TestCalculator<br>Parameters: null, 3, 0</td>
<td></td>
<td>0</td>
<td>ap.TestCalculator@1cd072a9</td></tr>
<tr>
<td title='ap.TestCalculator.testDivide()'><b>testDivide</b><br>Test class: ap.TestCalculator<br>Parameters: null, -5, 0</td>
<td></td>
<td>0</td>
<td>ap.TestCalculator@1cd072a9</td></tr>
<tr>
<td title='ap.TestCalculator.testDivideWhenDivisorIsZero()'><b>testDivideWhenDivisorIsZero</b><br>Test class: ap.TestCalculator<br>Parameters: 2, 0</td>
<td></td>
<td>0</td>
<td>ap.TestCalculator@1cd072a9</td></tr>
<tr>
<td title='ap.TestCalculator.testDivideWhenDivisorIsZero()'><b>testDivideWhenDivisorIsZero</b><br>Test class: ap.TestCalculator<br>Parameters: 2, null</td>
<td></td>
<td>0</td>
<td>ap.TestCalculator@1cd072a9</td></tr>
<tr>
<td title='ap.TestCalculator.testDivideWhenDivisorIsZero()'><b>testDivideWhenDivisorIsZero</b><br>Test class: ap.TestCalculator<br>Parameters: 0, 0</td>
<td></td>
<td>0</td>
<td>ap.TestCalculator@1cd072a9</td></tr>
<tr>
<td title='ap.TestCalculator.testDivideWhenDivisorIsZero()'><b>testDivideWhenDivisorIsZero</b><br>Test class: ap.TestCalculator<br>Parameters: null, null</td>
<td></td>
<td>0</td>
<td>ap.TestCalculator@1cd072a9</td></tr>
<tr>
<td title='ap.TestCalculator.testDivideWhenDivisorIsZero2()'><b>testDivideWhenDivisorIsZero2</b><br>Test class: ap.TestCalculator</td>
<td></td>
<td>0</td>
<td>ap.TestCalculator@1cd072a9</td></tr>
<tr>
<td title='ap.TestCalculatorConstructor.testInvalidConstructor()'><b>testInvalidConstructor</b><br>Test class: ap.TestCalculatorConstructor<br>Parameters: </td>
<td><div><pre>java.lang.IllegalArgumentException: no name
	at ap.Calculator.&lt;init&gt;(Calculator.java:22)
	at ap.TestCalculatorConstructor.testInvalidConstructor(TestCalculatorConstructor.java:40)
... Removed 35 stack frames</pre></div><a href='#' onClick='toggleBox("stack-trace832947102", this, "Click to show all stack frames", "Click to hide stack frames")'>Click to show all stack frames</a>
<div class='stack-trace' id='stack-trace832947102'><pre>java.lang.IllegalArgumentException: no name
	at ap.Calculator.&lt;init&gt;(Calculator.java:22)
	at ap.TestCalculatorConstructor.testInvalidConstructor(TestCalculatorConstructor.java:40)
	at sun.reflect.NativeMethodAccessorImpl.invoke0(Native Method)
	at sun.reflect.NativeMethodAccessorImpl.invoke(NativeMethodAccessorImpl.java:62)
	at sun.reflect.DelegatingMethodAccessorImpl.invoke(DelegatingMethodAccessorImpl.java:43)
	at java.lang.reflect.Method.invoke(Method.java:498)
	at org.testng.internal.MethodInvocationHelper.invokeMethod(MethodInvocationHelper.java:124)
	at org.testng.internal.Invoker.invokeMethod(Invoker.java:571)
	at org.testng.internal.Invoker.invokeTestMethod(Invoker.java:707)
	at org.testng.internal.Invoker.invokeTestMethods(Invoker.java:979)
	at org.testng.internal.TestMethodWorker.invokeTestMethods(TestMethodWorker.java:125)
	at org.testng.internal.TestMethodWorker.run(TestMethodWorker.java:109)
	at org.testng.TestRunner.privateRun(TestRunner.java:648)
	at org.testng.TestRunner.run(TestRunner.java:505)
	at org.testng.SuiteRunner.runTest(SuiteRunner.java:455)
	at org.testng.SuiteRunner.runSequentially(SuiteRunner.java:450)
	at org.testng.SuiteRunner.privateRun(SuiteRunner.java:415)
	at org.testng.SuiteRunner.run(SuiteRunner.java:364)
	at org.testng.SuiteRunnerWorker.runSuite(SuiteRunnerWorker.java:52)
	at org.testng.SuiteRunnerWorker.run(SuiteRunnerWorker.java:84)
	at org.testng.TestNG.runSuitesSequentially(TestNG.java:1187)
	at org.testng.TestNG.runSuitesLocally(TestNG.java:1116)
	at org.testng.TestNG.runSuites(TestNG.java:1028)
	at org.testng.TestNG.run(TestNG.java:996)
	at org.apache.maven.surefire.testng.TestNGExecutor.run(TestNGExecutor.java:77)
	at org.apache.maven.surefire.testng.TestNGDirectoryTestSuite.executeMulti(TestNGDirectoryTestSuite.java:159)
	at org.apache.maven.surefire.testng.TestNGDirectoryTestSuite.execute(TestNGDirectoryTestSuite.java:99)
	at org.apache.maven.surefire.testng.TestNGProvider.invoke(TestNGProvider.java:106)
	at sun.reflect.NativeMethodAccessorImpl.invoke0(Native Method)
	at sun.reflect.NativeMethodAccessorImpl.invoke(NativeMethodAccessorImpl.java:62)
	at sun.reflect.DelegatingMethodAccessorImpl.invoke(DelegatingMethodAccessorImpl.java:43)
	at java.lang.reflect.Method.invoke(Method.java:498)
	at org.apache.maven.surefire.util.ReflectionUtils.invokeMethodWithArray(ReflectionUtils.java:189)
	at org.apache.maven.surefire.booter.ProviderFactory$ProviderProxy.invoke(ProviderFactory.java:165)
	at org.apache.maven.surefire.booter.ProviderFactory.invokeProvider(ProviderFactory.java:85)
	at org.apache.maven.surefire.booter.ForkedBooter.runSuitesInProcess(ForkedBooter.java:115)
	at org.apache.maven.surefire.booter.ForkedBooter.main(ForkedBooter.java:75)
</pre></div></td>
<td>0</td>
<td>ap.TestCalculatorConstructor@7c75222b</td></tr>
<tr>
<td title='ap.TestCalculatorConstructor.testInvalidConstructor()'><b>testInvalidConstructor</b><br>Test class: ap.TestCalculatorConstructor<br>Parameters: Calcul</td>
<td><div><pre>java.lang.IllegalArgumentException: no name
	at ap.Calculator.&lt;init&gt;(Calculator.java:22)
	at ap.TestCalculatorConstructor.testInvalidConstructor(TestCalculatorConstructor.java:40)
... Removed 35 stack frames</pre></div><a href='#' onClick='toggleBox("stack-trace1061804750", this, "Click to show all stack frames", "Click to hide stack frames")'>Click to show all stack frames</a>
<div class='stack-trace' id='stack-trace1061804750'><pre>java.lang.IllegalArgumentException: no name
	at ap.Calculator.&lt;init&gt;(Calculator.java:22)
	at ap.TestCalculatorConstructor.testInvalidConstructor(TestCalculatorConstructor.java:40)
	at sun.reflect.NativeMethodAccessorImpl.invoke0(Native Method)
	at sun.reflect.NativeMethodAccessorImpl.invoke(NativeMethodAccessorImpl.java:62)
	at sun.reflect.DelegatingMethodAccessorImpl.invoke(DelegatingMethodAccessorImpl.java:43)
	at java.lang.reflect.Method.invoke(Method.java:498)
	at org.testng.internal.MethodInvocationHelper.invokeMethod(MethodInvocationHelper.java:124)
	at org.testng.internal.Invoker.invokeMethod(Invoker.java:571)
	at org.testng.internal.Invoker.invokeTestMethod(Invoker.java:707)
	at org.testng.internal.Invoker.invokeTestMethods(Invoker.java:979)
	at org.testng.internal.TestMethodWorker.invokeTestMethods(TestMethodWorker.java:125)
	at org.testng.internal.TestMethodWorker.run(TestMethodWorker.java:109)
	at org.testng.TestRunner.privateRun(TestRunner.java:648)
	at org.testng.TestRunner.run(TestRunner.java:505)
	at org.testng.SuiteRunner.runTest(SuiteRunner.java:455)
	at org.testng.SuiteRunner.runSequentially(SuiteRunner.java:450)
	at org.testng.SuiteRunner.privateRun(SuiteRunner.java:415)
	at org.testng.SuiteRunner.run(SuiteRunner.java:364)
	at org.testng.SuiteRunnerWorker.runSuite(SuiteRunnerWorker.java:52)
	at org.testng.SuiteRunnerWorker.run(SuiteRunnerWorker.java:84)
	at org.testng.TestNG.runSuitesSequentially(TestNG.java:1187)
	at org.testng.TestNG.runSuitesLocally(TestNG.java:1116)
	at org.testng.TestNG.runSuites(TestNG.java:1028)
	at org.testng.TestNG.run(TestNG.java:996)
	at org.apache.maven.surefire.testng.TestNGExecutor.run(TestNGExecutor.java:77)
	at org.apache.maven.surefire.testng.TestNGDirectoryTestSuite.executeMulti(TestNGDirectoryTestSuite.java:159)
	at org.apache.maven.surefire.testng.TestNGDirectoryTestSuite.execute(TestNGDirectoryTestSuite.java:99)
	at org.apache.maven.surefire.testng.TestNGProvider.invoke(TestNGProvider.java:106)
	at sun.reflect.NativeMethodAccessorImpl.invoke0(Native Method)
	at sun.reflect.NativeMethodAccessorImpl.invoke(NativeMethodAccessorImpl.java:62)
	at sun.reflect.DelegatingMethodAccessorImpl.invoke(DelegatingMethodAccessorImpl.java:43)
	at java.lang.reflect.Method.invoke(Method.java:498)
	at org.apache.maven.surefire.util.ReflectionUtils.invokeMethodWithArray(ReflectionUtils.java:189)
	at org.apache.maven.surefire.booter.ProviderFactory$ProviderProxy.invoke(ProviderFactory.java:165)
	at org.apache.maven.surefire.booter.ProviderFactory.invokeProvider(ProviderFactory.java:85)
	at org.apache.maven.surefire.booter.ForkedBooter.runSuitesInProcess(ForkedBooter.java:115)
	at org.apache.maven.surefire.booter.ForkedBooter.main(ForkedBooter.java:75)
</pre></div></td>
<td>0</td>
<td>ap.TestCalculatorConstructor@7c75222b</td></tr>
<tr>
<td title='ap.TestCalculatorConstructor.testInvalidConstructor()'><b>testInvalidConstructor</b><br>Test class: ap.TestCalculatorConstructor<br>Parameters: null</td>
<td><div><pre>java.lang.IllegalArgumentException: no name
	at ap.Calculator.&lt;init&gt;(Calculator.java:22)
	at ap.TestCalculatorConstructor.testInvalidConstructor(TestCalculatorConstructor.java:40)
... Removed 35 stack frames</pre></div><a href='#' onClick='toggleBox("stack-trace507084503", this, "Click to show all stack frames", "Click to hide stack frames")'>Click to show all stack frames</a>
<div class='stack-trace' id='stack-trace507084503'><pre>java.lang.IllegalArgumentException: no name
	at ap.Calculator.&lt;init&gt;(Calculator.java:22)
	at ap.TestCalculatorConstructor.testInvalidConstructor(TestCalculatorConstructor.java:40)
	at sun.reflect.NativeMethodAccessorImpl.invoke0(Native Method)
	at sun.reflect.NativeMethodAccessorImpl.invoke(NativeMethodAccessorImpl.java:62)
	at sun.reflect.DelegatingMethodAccessorImpl.invoke(DelegatingMethodAccessorImpl.java:43)
	at java.lang.reflect.Method.invoke(Method.java:498)
	at org.testng.internal.MethodInvocationHelper.invokeMethod(MethodInvocationHelper.java:124)
	at org.testng.internal.Invoker.invokeMethod(Invoker.java:571)
	at org.testng.internal.Invoker.invokeTestMethod(Invoker.java:707)
	at org.testng.internal.Invoker.invokeTestMethods(Invoker.java:979)
	at org.testng.internal.TestMethodWorker.invokeTestMethods(TestMethodWorker.java:125)
	at org.testng.internal.TestMethodWorker.run(TestMethodWorker.java:109)
	at org.testng.TestRunner.privateRun(TestRunner.java:648)
	at org.testng.TestRunner.run(TestRunner.java:505)
	at org.testng.SuiteRunner.runTest(SuiteRunner.java:455)
	at org.testng.SuiteRunner.runSequentially(SuiteRunner.java:450)
	at org.testng.SuiteRunner.privateRun(SuiteRunner.java:415)
	at org.testng.SuiteRunner.run(SuiteRunner.java:364)
	at org.testng.SuiteRunnerWorker.runSuite(SuiteRunnerWorker.java:52)
	at org.testng.SuiteRunnerWorker.run(SuiteRunnerWorker.java:84)
	at org.testng.TestNG.runSuitesSequentially(TestNG.java:1187)
	at org.testng.TestNG.runSuitesLocally(TestNG.java:1116)
	at org.testng.TestNG.runSuites(TestNG.java:1028)
	at org.testng.TestNG.run(TestNG.java:996)
	at org.apache.maven.surefire.testng.TestNGExecutor.run(TestNGExecutor.java:77)
	at org.apache.maven.surefire.testng.TestNGDirectoryTestSuite.executeMulti(TestNGDirectoryTestSuite.java:159)
	at org.apache.maven.surefire.testng.TestNGDirectoryTestSuite.execute(TestNGDirectoryTestSuite.java:99)
	at org.apache.maven.surefire.testng.TestNGProvider.invoke(TestNGProvider.java:106)
	at sun.reflect.NativeMethodAccessorImpl.invoke0(Native Method)
	at sun.reflect.NativeMethodAccessorImpl.invoke(NativeMethodAccessorImpl.java:62)
	at sun.reflect.DelegatingMethodAccessorImpl.invoke(DelegatingMethodAccessorImpl.java:43)
	at java.lang.reflect.Method.invoke(Method.java:498)
	at org.apache.maven.surefire.util.ReflectionUtils.invokeMethodWithArray(ReflectionUtils.java:189)
	at org.apache.maven.surefire.booter.ProviderFactory$ProviderProxy.invoke(ProviderFactory.java:165)
	at org.apache.maven.surefire.booter.ProviderFactory.invokeProvider(ProviderFactory.java:85)
	at org.apache.maven.surefire.booter.ForkedBooter.runSuitesInProcess(ForkedBooter.java:115)
	at org.apache.maven.surefire.booter.ForkedBooter.main(ForkedBooter.java:75)
</pre></div></td>
<td>0</td>
<td>ap.TestCalculatorConstructor@7c75222b</td></tr>
<tr>
<td title='ap.TestCalculatorConstructor.testInvalidConstructor()'><b>testInvalidConstructor</b><br>Test class: ap.TestCalculatorConstructor<br>Parameters: N</td>
<td><div><pre>java.lang.IllegalArgumentException: no name
	at ap.Calculator.&lt;init&gt;(Calculator.java:22)
	at ap.TestCalculatorConstructor.testInvalidConstructor(TestCalculatorConstructor.java:40)
... Removed 35 stack frames</pre></div><a href='#' onClick='toggleBox("stack-trace1225439493", this, "Click to show all stack frames", "Click to hide stack frames")'>Click to show all stack frames</a>
<div class='stack-trace' id='stack-trace1225439493'><pre>java.lang.IllegalArgumentException: no name
	at ap.Calculator.&lt;init&gt;(Calculator.java:22)
	at ap.TestCalculatorConstructor.testInvalidConstructor(TestCalculatorConstructor.java:40)
	at sun.reflect.NativeMethodAccessorImpl.invoke0(Native Method)
	at sun.reflect.NativeMethodAccessorImpl.invoke(NativeMethodAccessorImpl.java:62)
	at sun.reflect.DelegatingMethodAccessorImpl.invoke(DelegatingMethodAccessorImpl.java:43)
	at java.lang.reflect.Method.invoke(Method.java:498)
	at org.testng.internal.MethodInvocationHelper.invokeMethod(MethodInvocationHelper.java:124)
	at org.testng.internal.Invoker.invokeMethod(Invoker.java:571)
	at org.testng.internal.Invoker.invokeTestMethod(Invoker.java:707)
	at org.testng.internal.Invoker.invokeTestMethods(Invoker.java:979)
	at org.testng.internal.TestMethodWorker.invokeTestMethods(TestMethodWorker.java:125)
	at org.testng.internal.TestMethodWorker.run(TestMethodWorker.java:109)
	at org.testng.TestRunner.privateRun(TestRunner.java:648)
	at org.testng.TestRunner.run(TestRunner.java:505)
	at org.testng.SuiteRunner.runTest(SuiteRunner.java:455)
	at org.testng.SuiteRunner.runSequentially(SuiteRunner.java:450)
	at org.testng.SuiteRunner.privateRun(SuiteRunner.java:415)
	at org.testng.SuiteRunner.run(SuiteRunner.java:364)
	at org.testng.SuiteRunnerWorker.runSuite(SuiteRunnerWorker.java:52)
	at org.testng.SuiteRunnerWorker.run(SuiteRunnerWorker.java:84)
	at org.testng.TestNG.runSuitesSequentially(TestNG.java:1187)
	at org.testng.TestNG.runSuitesLocally(TestNG.java:1116)
	at org.testng.TestNG.runSuites(TestNG.java:1028)
	at org.testng.TestNG.run(TestNG.java:996)
	at org.apache.maven.surefire.testng.TestNGExecutor.run(TestNGExecutor.java:77)
	at org.apache.maven.surefire.testng.TestNGDirectoryTestSuite.executeMulti(TestNGDirectoryTestSuite.java:159)
	at org.apache.maven.surefire.testng.TestNGDirectoryTestSuite.execute(TestNGDirectoryTestSuite.java:99)
	at org.apache.maven.surefire.testng.TestNGProvider.invoke(TestNGProvider.java:106)
	at sun.reflect.NativeMethodAccessorImpl.invoke0(Native Method)
	at sun.reflect.NativeMethodAccessorImpl.invoke(NativeMethodAccessorImpl.java:62)
	at sun.reflect.DelegatingMethodAccessorImpl.invoke(DelegatingMethodAccessorImpl.java:43)
	at java.lang.reflect.Method.invoke(Method.java:498)
	at org.apache.maven.surefire.util.ReflectionUtils.invokeMethodWithArray(ReflectionUtils.java:189)
	at org.apache.maven.surefire.booter.ProviderFactory$ProviderProxy.invoke(ProviderFactory.java:165)
	at org.apache.maven.surefire.booter.ProviderFactory.invokeProvider(ProviderFactory.java:85)
	at org.apache.maven.surefire.booter.ForkedBooter.runSuitesInProcess(ForkedBooter.java:115)
	at org.apache.maven.surefire.booter.ForkedBooter.main(ForkedBooter.java:75)
</pre></div></td>
<td>0</td>
<td>ap.TestCalculatorConstructor@7c75222b</td></tr>
<tr>
<td title='ap.TestCalculator.testSum()'><b>testSum</b><br>Test class: ap.TestCalculator<br>Parameters: 5, 10, 15</td>
<td></td>
<td>0</td>
<td>ap.TestCalculator@1cd072a9</td></tr>
<tr>
<td title='ap.TestCalculator.testSum()'><b>testSum</b><br>Test class: ap.TestCalculator<br>Parameters: -5, -6, -11</td>
<td></td>
<td>0</td>
<td>ap.TestCalculator@1cd072a9</td></tr>
<tr>
<td title='ap.TestCalculator.testSum()'><b>testSum</b><br>Test class: ap.TestCalculator<br>Parameters: 0, 0, 0</td>
<td></td>
<td>0</td>
<td>ap.TestCalculator@1cd072a9</td></tr>
<tr>
<td title='ap.TestCalculator.testSum()'><b>testSum</b><br>Test class: ap.TestCalculator<br>Parameters: null, 3, 3</td>
<td></td>
<td>0</td>
<td>ap.TestCalculator@1cd072a9</td></tr>
<tr>
<td title='ap.TestCalculator.testSum()'><b>testSum</b><br>Test class: ap.TestCalculator<br>Parameters: -10, null, -10</td>
<td></td>
<td>0</td>
<td>ap.TestCalculator@1cd072a9</td></tr>
<tr>
<td title='ap.TestCalculator.testSum()'><b>testSum</b><br>Test class: ap.TestCalculator<br>Parameters: null, null, 0</td>
<td></td>
<td>0</td>
<td>ap.TestCalculator@1cd072a9</td></tr>
<tr>
<td title='ap.TestCalculator.testSum()'><b>testSum</b><br>Test class: ap.TestCalculator<br>Parameters: 12, -12, 0</td>
<td></td>
<td>0</td>
<td>ap.TestCalculator@1cd072a9</td></tr>
<tr>
<td title='ap.TestCalculatorConstructor.testValidConstructor()'><b>testValidConstructor</b><br>Test class: ap.TestCalculatorConstructor<br>Parameters: Nome</td>
<td></td>
<td>0</td>
<td>ap.TestCalculatorConstructor@7c75222b</td></tr>
<tr>
<td title='ap.TestCalculatorConstructor.testValidConstructor()'><b>testValidConstructor</b><br>Test class: ap.TestCalculatorConstructor<br>Parameters: Ca</td>
<td></td>
<td>0</td>
<td>ap.TestCalculatorConstructor@7c75222b</td></tr>
<tr>
<td title='ap.TestCalculatorConstructor.testValidConstructor()'><b>testValidConstructor</b><br>Test class: ap.TestCalculatorConstructor<br>Parameters: Nio</td>
<td></td>
<td>0</td>
<td>ap.TestCalculatorConstructor@7c75222b</td></tr>
<tr>
<td title='ap.TestCalculatorConstructor.testValidConstructor()'><b>testValidConstructor</b><br>Test class: ap.TestCalculatorConstructor<br>Parameters: Nioca</td>
<td></td>
<td>0</td>
<td>ap.TestCalculatorConstructor@7c75222b</td></tr>
</table><p>
</body>
</html>